[2025-12-13 20:35:03] production.ERROR: syntax error, unexpected variable "$pageTitle", expecting "function" {"exception":"[object] (ParseError(code: 0): syntax error, unexpected variable \"$pageTitle\", expecting \"function\" at /home/garatech.rw/itsinda/core/app/Http/Controllers/User/UserController.php:78)
[stacktrace]
#0 /home/garatech.rw/itsinda/core/vendor/composer/ClassLoader.php(428): Composer\\Autoload\\includeFile()
#1 [internal function]: Composer\\Autoload\\ClassLoader->loadClass()
#2 /home/garatech.rw/itsinda/core/vendor/laravel/framework/src/Illuminate/Routing/Route.php(1097): is_a()
#3 /home/garatech.rw/itsinda/core/vendor/laravel/framework/src/Illuminate/Routing/Route.php(1036): Illuminate\\Routing\\Route->controllerMiddleware()
#4 /home/garatech.rw/itsinda/core/vendor/laravel/framework/src/Illuminate/Routing/Router.php(820): Illuminate\\Routing\\Route->gatherMiddleware()
#5 /home/garatech.rw/itsinda/core/vendor/laravel/framework/src/Illuminate/Routing/Router.php(802): Illuminate\\Routing\\Router->gatherRouteMiddleware()
#6 /home/garatech.rw/itsinda/core/vendor/laravel/framework/src/Illuminate/Routing/Router.php(786): Illuminate\\Routing\\Router->runRouteWithinStack()
#7 /home/garatech.rw/itsinda/core/vendor/laravel/framework/src/Illuminate/Routing/Router.php(750): Illuminate\\Routing\\Router->runRoute()
#8 /home/garatech.rw/itsinda/core/vendor/laravel/framework/src/Illuminate/Routing/Router.php(739): Illuminate\\Routing\\Router->dispatchToRoute()
#9 /home/garatech.rw/itsinda/core/vendor/laravel/framework/src/Illuminate/Foundation/Http/Kernel.php(201): Illuminate\\Routing\\Router->dispatch()
#10 /home/garatech.rw/itsinda/core/vendor/laravel/framework/src/Illuminate/Pipeline/Pipeline.php(144): Illuminate\\Foundation\\Http\\Kernel->Illuminate\\Foundation\\Http\\{closure}()
#11 /home/garatech.rw/itsinda/core/vendor/laravel/framework/src/Illuminate/Foundation/Http/Middleware/TransformsRequest.php(21): Illuminate\\Pipeline\\Pipeline->Illuminate\\Pipeline\\{closure}()
#12 /home/garatech.rw/itsinda/core/vendor/laravel/framework/src/Illuminate/Foundation/Http/Middleware/ConvertEmptyStringsToNull.php(31): Illuminate\\Foundation\\Http\\Middleware\\TransformsRequest->handle()
#13 /home/garatech.rw/itsinda/core/vendor/laravel/framework/src/Illuminate/Pipeline/Pipeline.php(183): Illuminate\\Foundation\\Http\\Middleware\\ConvertEmptyStringsToNull->handle()
#14 /home/garatech.rw/itsinda/core/vendor/laravel/framework/src/Illuminate/Foundation/Http/Middleware/TransformsRequest.php(21): Illuminate\\Pipeline\\Pipeline->Illuminate\\Pipeline\\{closure}()
#15 /home/garatech.rw/itsinda/core/vendor/laravel/framework/src/Illuminate/Foundation/Http/Middleware/TrimStrings.php(51): Illuminate\\Foundation\\Http\\Middleware\\TransformsRequest->handle()
#16 /home/garatech.rw/itsinda/core/vendor/laravel/framework/src/Illuminate/Pipeline/Pipeline.php(183): Illuminate\\Foundation\\Http\\Middleware\\TrimStrings->handle()
#17 /home/garatech.rw/itsinda/core/vendor/laravel/framework/src/Illuminate/Http/Middleware/ValidatePostSize.php(27): Illuminate\\Pipeline\\Pipeline->Illuminate\\Pipeline\\{closure}()
#18 /home/garatech.rw/itsinda/core/vendor/laravel/framework/src/Illuminate/Pipeline/Pipeline.php(183): Illuminate\\Http\\Middleware\\ValidatePostSize->handle()
#19 /home/garatech.rw/itsinda/core/vendor/laravel/framework/src/Illuminate/Foundation/Http/Middleware/PreventRequestsDuringMaintenance.php(110): Illuminate\\Pipeline\\Pipeline->Illuminate\\Pipeline\\{closure}()
#20 /home/garatech.rw/itsinda/core/vendor/laravel/framework/src/Illuminate/Pipeline/Pipeline.php(183): Illuminate\\Foundation\\Http\\Middleware\\PreventRequestsDuringMaintenance->handle()
#21 /home/garatech.rw/itsinda/core/vendor/laravel/framework/src/Illuminate/Http/Middleware/HandleCors.php(49): Illuminate\\Pipeline\\Pipeline->Illuminate\\Pipeline\\{closure}()
#22 /home/garatech.rw/itsinda/core/vendor/laravel/framework/src/Illuminate/Pipeline/Pipeline.php(183): Illuminate\\Http\\Middleware\\HandleCors->handle()
#23 /home/garatech.rw/itsinda/core/vendor/laravel/framework/src/Illuminate/Http/Middleware/TrustProxies.php(57): Illuminate\\Pipeline\\Pipeline->Illuminate\\Pipeline\\{closure}()
#24 /home/garatech.rw/itsinda/core/vendor/laravel/framework/src/Illuminate/Pipeline/Pipeline.php(183): Illuminate\\Http\\Middleware\\TrustProxies->handle()
#25 /home/garatech.rw/itsinda/core/vendor/laramin/utility/src/Utility.php(11): Illuminate\\Pipeline\\Pipeline->Illuminate\\Pipeline\\{closure}()
#26 /home/garatech.rw/itsinda/core/vendor/laravel/framework/src/Illuminate/Pipeline/Pipeline.php(183): Laramin\\Utility\\Utility->handle()
#27 /home/garatech.rw/itsinda/core/vendor/laravel/framework/src/Illuminate/Pipeline/Pipeline.php(119): Illuminate\\Pipeline\\Pipeline->Illuminate\\Pipeline\\{closure}()
#28 /home/garatech.rw/itsinda/core/vendor/laravel/framework/src/Illuminate/Foundation/Http/Kernel.php(176): Illuminate\\Pipeline\\Pipeline->then()
#29 /home/garatech.rw/itsinda/core/vendor/laravel/framework/src/Illuminate/Foundation/Http/Kernel.php(145): Illuminate\\Foundation\\Http\\Kernel->sendRequestThroughRouter()
#30 /home/garatech.rw/itsinda/core/vendor/laravel/framework/src/Illuminate/Foundation/Application.php(1188): Illuminate\\Foundation\\Http\\Kernel->handle()
#31 /home/garatech.rw/itsinda/index.php(17): Illuminate\\Foundation\\Application->handleRequest()
#32 {main}
"} 
[2025-12-13 20:35:51] production.ERROR: syntax error, unexpected variable "$pageTitle", expecting "function" {"exception":"[object] (ParseError(code: 0): syntax error, unexpected variable \"$pageTitle\", expecting \"function\" at /home/garatech.rw/itsinda/core/app/Http/Controllers/User/UserController.php:78)
[stacktrace]
#0 /home/garatech.rw/itsinda/core/vendor/composer/ClassLoader.php(428): Composer\\Autoload\\includeFile()
#1 [internal function]: Composer\\Autoload\\ClassLoader->loadClass()
#2 /home/garatech.rw/itsinda/core/vendor/laravel/framework/src/Illuminate/Routing/Route.php(1097): is_a()
#3 /home/garatech.rw/itsinda/core/vendor/laravel/framework/src/Illuminate/Routing/Route.php(1036): Illuminate\\Routing\\Route->controllerMiddleware()
#4 /home/garatech.rw/itsinda/core/vendor/laravel/framework/src/Illuminate/Routing/Router.php(820): Illuminate\\Routing\\Route->gatherMiddleware()
#5 /home/garatech.rw/itsinda/core/vendor/laravel/framework/src/Illuminate/Routing/Router.php(802): Illuminate\\Routing\\Router->gatherRouteMiddleware()
#6 /home/garatech.rw/itsinda/core/vendor/laravel/framework/src/Illuminate/Routing/Router.php(786): Illuminate\\Routing\\Router->runRouteWithinStack()
#7 /home/garatech.rw/itsinda/core/vendor/laravel/framework/src/Illuminate/Routing/Router.php(750): Illuminate\\Routing\\Router->runRoute()
#8 /home/garatech.rw/itsinda/core/vendor/laravel/framework/src/Illuminate/Routing/Router.php(739): Illuminate\\Routing\\Router->dispatchToRoute()
#9 /home/garatech.rw/itsinda/core/vendor/laravel/framework/src/Illuminate/Foundation/Http/Kernel.php(201): Illuminate\\Routing\\Router->dispatch()
#10 /home/garatech.rw/itsinda/core/vendor/laravel/framework/src/Illuminate/Pipeline/Pipeline.php(144): Illuminate\\Foundation\\Http\\Kernel->Illuminate\\Foundation\\Http\\{closure}()
#11 /home/garatech.rw/itsinda/core/vendor/laravel/framework/src/Illuminate/Foundation/Http/Middleware/TransformsRequest.php(21): Illuminate\\Pipeline\\Pipeline->Illuminate\\Pipeline\\{closure}()
#12 /home/garatech.rw/itsinda/core/vendor/laravel/framework/src/Illuminate/Foundation/Http/Middleware/ConvertEmptyStringsToNull.php(31): Illuminate\\Foundation\\Http\\Middleware\\TransformsRequest->handle()
#13 /home/garatech.rw/itsinda/core/vendor/laravel/framework/src/Illuminate/Pipeline/Pipeline.php(183): Illuminate\\Foundation\\Http\\Middleware\\ConvertEmptyStringsToNull->handle()
#14 /home/garatech.rw/itsinda/core/vendor/laravel/framework/src/Illuminate/Foundation/Http/Middleware/TransformsRequest.php(21): Illuminate\\Pipeline\\Pipeline->Illuminate\\Pipeline\\{closure}()
#15 /home/garatech.rw/itsinda/core/vendor/laravel/framework/src/Illuminate/Foundation/Http/Middleware/TrimStrings.php(51): Illuminate\\Foundation\\Http\\Middleware\\TransformsRequest->handle()
#16 /home/garatech.rw/itsinda/core/vendor/laravel/framework/src/Illuminate/Pipeline/Pipeline.php(183): Illuminate\\Foundation\\Http\\Middleware\\TrimStrings->handle()
#17 /home/garatech.rw/itsinda/core/vendor/laravel/framework/src/Illuminate/Http/Middleware/ValidatePostSize.php(27): Illuminate\\Pipeline\\Pipeline->Illuminate\\Pipeline\\{closure}()
#18 /home/garatech.rw/itsinda/core/vendor/laravel/framework/src/Illuminate/Pipeline/Pipeline.php(183): Illuminate\\Http\\Middleware\\ValidatePostSize->handle()
#19 /home/garatech.rw/itsinda/core/vendor/laravel/framework/src/Illuminate/Foundation/Http/Middleware/PreventRequestsDuringMaintenance.php(110): Illuminate\\Pipeline\\Pipeline->Illuminate\\Pipeline\\{closure}()
#20 /home/garatech.rw/itsinda/core/vendor/laravel/framework/src/Illuminate/Pipeline/Pipeline.php(183): Illuminate\\Foundation\\Http\\Middleware\\PreventRequestsDuringMaintenance->handle()
#21 /home/garatech.rw/itsinda/core/vendor/laravel/framework/src/Illuminate/Http/Middleware/HandleCors.php(49): Illuminate\\Pipeline\\Pipeline->Illuminate\\Pipeline\\{closure}()
#22 /home/garatech.rw/itsinda/core/vendor/laravel/framework/src/Illuminate/Pipeline/Pipeline.php(183): Illuminate\\Http\\Middleware\\HandleCors->handle()
#23 /home/garatech.rw/itsinda/core/vendor/laravel/framework/src/Illuminate/Http/Middleware/TrustProxies.php(57): Illuminate\\Pipeline\\Pipeline->Illuminate\\Pipeline\\{closure}()
#24 /home/garatech.rw/itsinda/core/vendor/laravel/framework/src/Illuminate/Pipeline/Pipeline.php(183): Illuminate\\Http\\Middleware\\TrustProxies->handle()
#25 /home/garatech.rw/itsinda/core/vendor/laramin/utility/src/Utility.php(11): Illuminate\\Pipeline\\Pipeline->Illuminate\\Pipeline\\{closure}()
#26 /home/garatech.rw/itsinda/core/vendor/laravel/framework/src/Illuminate/Pipeline/Pipeline.php(183): Laramin\\Utility\\Utility->handle()
#27 /home/garatech.rw/itsinda/core/vendor/laravel/framework/src/Illuminate/Pipeline/Pipeline.php(119): Illuminate\\Pipeline\\Pipeline->Illuminate\\Pipeline\\{closure}()
#28 /home/garatech.rw/itsinda/core/vendor/laravel/framework/src/Illuminate/Foundation/Http/Kernel.php(176): Illuminate\\Pipeline\\Pipeline->then()
#29 /home/garatech.rw/itsinda/core/vendor/laravel/framework/src/Illuminate/Foundation/Http/Kernel.php(145): Illuminate\\Foundation\\Http\\Kernel->sendRequestThroughRouter()
#30 /home/garatech.rw/itsinda/core/vendor/laravel/framework/src/Illuminate/Foundation/Application.php(1188): Illuminate\\Foundation\\Http\\Kernel->handle()
#31 /home/garatech.rw/itsinda/index.php(17): Illuminate\\Foundation\\Application->handleRequest()
#32 {main}
"} 
[2025-12-13 20:39:27] production.ERROR: syntax error, unexpected token "endif", expecting end of file (View: /home/garatech.rw/itsinda/core/resources/views/templates/crystal_sky/user/dashboard.blade.php) {"userId":2,"exception":"[object] (Illuminate\\View\\ViewException(code: 0): syntax error, unexpected token \"endif\", expecting end of file (View: /home/garatech.rw/itsinda/core/resources/views/templates/crystal_sky/user/dashboard.blade.php) at /home/garatech.rw/itsinda/core/storage/framework/views/c4ea2183bb7c20c38a138f9aae77ee7a.php:185)
[stacktrace]
#0 /home/garatech.rw/itsinda/core/vendor/laravel/framework/src/Illuminate/View/Engines/PhpEngine.php(60): Illuminate\\View\\Engines\\CompilerEngine->handleViewException()
#1 /home/garatech.rw/itsinda/core/vendor/laravel/framework/src/Illuminate/View/Engines/CompilerEngine.php(73): Illuminate\\View\\Engines\\PhpEngine->evaluatePath()
#2 /home/garatech.rw/itsinda/core/vendor/laravel/framework/src/Illuminate/View/View.php(208): Illuminate\\View\\Engines\\CompilerEngine->get()
#3 /home/garatech.rw/itsinda/core/vendor/laravel/framework/src/Illuminate/View/View.php(191): Illuminate\\View\\View->getContents()
#4 /home/garatech.rw/itsinda/core/vendor/laravel/framework/src/Illuminate/View/View.php(160): Illuminate\\View\\View->renderContents()
#5 /home/garatech.rw/itsinda/core/vendor/laravel/framework/src/Illuminate/Http/Response.php(70): Illuminate\\View\\View->render()
#6 /home/garatech.rw/itsinda/core/vendor/laravel/framework/src/Illuminate/Http/Response.php(35): Illuminate\\Http\\Response->setContent()
#7 /home/garatech.rw/itsinda/core/vendor/laravel/framework/src/Illuminate/Routing/Router.php(920): Illuminate\\Http\\Response->__construct()
#8 /home/garatech.rw/itsinda/core/vendor/laravel/framework/src/Illuminate/Routing/Router.php(887): Illuminate\\Routing\\Router::toResponse()
#9 /home/garatech.rw/itsinda/core/vendor/laravel/framework/src/Illuminate/Routing/Router.php(807): Illuminate\\Routing\\Router->prepareResponse()
#10 /home/garatech.rw/itsinda/core/vendor/laravel/framework/src/Illuminate/Pipeline/Pipeline.php(144): Illuminate\\Routing\\Router->Illuminate\\Routing\\{closure}()
#11 /home/garatech.rw/itsinda/core/app/Http/Middleware/Logout.php(22): Illuminate\\Pipeline\\Pipeline->Illuminate\\Pipeline\\{closure}()
#12 /home/garatech.rw/itsinda/core/vendor/laravel/framework/src/Illuminate/Pipeline/Pipeline.php(183): App\\Http\\Middleware\\Logout->handle()
#13 /home/garatech.rw/itsinda/core/app/Http/Middleware/RegistrationStep.php(32): Illuminate\\Pipeline\\Pipeline->Illuminate\\Pipeline\\{closure}()
#14 /home/garatech.rw/itsinda/core/vendor/laravel/framework/src/Illuminate/Pipeline/Pipeline.php(183): App\\Http\\Middleware\\RegistrationStep->handle()
#15 /home/garatech.rw/itsinda/core/app/Http/Middleware/CheckStatus.php(22): Illuminate\\Pipeline\\Pipeline->Illuminate\\Pipeline\\{closure}()
#16 /home/garatech.rw/itsinda/core/vendor/laravel/framework/src/Illuminate/Pipeline/Pipeline.php(183): App\\Http\\Middleware\\CheckStatus->handle()
#17 /home/garatech.rw/itsinda/core/app/Http/Middleware/MaintenanceMode.php(25): Illuminate\\Pipeline\\Pipeline->Illuminate\\Pipeline\\{closure}()
#18 /home/garatech.rw/itsinda/core/vendor/laravel/framework/src/Illuminate/Pipeline/Pipeline.php(183): App\\Http\\Middleware\\MaintenanceMode->handle()
#19 /home/garatech.rw/itsinda/core/app/Http/Middleware/ActiveTemplateMiddleware.php(35): Illuminate\\Pipeline\\Pipeline->Illuminate\\Pipeline\\{closure}()
#20 /home/garatech.rw/itsinda/core/vendor/laravel/framework/src/Illuminate/Pipeline/Pipeline.php(183): App\\Http\\Middleware\\ActiveTemplateMiddleware->handle()
#21 /home/garatech.rw/itsinda/core/app/Http/Middleware/LanguageMiddleware.php(22): Illuminate\\Pipeline\\Pipeline->Illuminate\\Pipeline\\{closure}()
#22 /home/garatech.rw/itsinda/core/vendor/laravel/framework/src/Illuminate/Pipeline/Pipeline.php(183): App\\Http\\Middleware\\LanguageMiddleware->handle()
#23 /home/garatech.rw/itsinda/core/vendor/laravel/framework/src/Illuminate/Routing/Middleware/SubstituteBindings.php(51): Illuminate\\Pipeline\\Pipeline->Illuminate\\Pipeline\\{closure}()
#24 /home/garatech.rw/itsinda/core/vendor/laravel/framework/src/Illuminate/Pipeline/Pipeline.php(183): Illuminate\\Routing\\Middleware\\SubstituteBindings->handle()
#25 /home/garatech.rw/itsinda/core/vendor/laravel/framework/src/Illuminate/Auth/Middleware/Authenticate.php(64): Illuminate\\Pipeline\\Pipeline->Illuminate\\Pipeline\\{closure}()
#26 /home/garatech.rw/itsinda/core/vendor/laravel/framework/src/Illuminate/Pipeline/Pipeline.php(183): Illuminate\\Auth\\Middleware\\Authenticate->handle()
#27 /home/garatech.rw/itsinda/core/vendor/laravel/framework/src/Illuminate/Foundation/Http/Middleware/VerifyCsrfToken.php(88): Illuminate\\Pipeline\\Pipeline->Illuminate\\Pipeline\\{closure}()
#28 /home/garatech.rw/itsinda/core/vendor/laravel/framework/src/Illuminate/Pipeline/Pipeline.php(183): Illuminate\\Foundation\\Http\\Middleware\\VerifyCsrfToken->handle()
#29 /home/garatech.rw/itsinda/core/vendor/laravel/framework/src/Illuminate/View/Middleware/ShareErrorsFromSession.php(49): Illuminate\\Pipeline\\Pipeline->Illuminate\\Pipeline\\{closure}()
#30 /home/garatech.rw/itsinda/core/vendor/laravel/framework/src/Illuminate/Pipeline/Pipeline.php(183): Illuminate\\View\\Middleware\\ShareErrorsFromSession->handle()
#31 /home/garatech.rw/itsinda/core/vendor/laravel/framework/src/Illuminate/Session/Middleware/StartSession.php(121): Illuminate\\Pipeline\\Pipeline->Illuminate\\Pipeline\\{closure}()
#32 /home/garatech.rw/itsinda/core/vendor/laravel/framework/src/Illuminate/Session/Middleware/StartSession.php(64): Illuminate\\Session\\Middleware\\StartSession->handleStatefulRequest()
#33 /home/garatech.rw/itsinda/core/vendor/laravel/framework/src/Illuminate/Pipeline/Pipeline.php(183): Illuminate\\Session\\Middleware\\StartSession->handle()
#34 /home/garatech.rw/itsinda/core/vendor/laravel/framework/src/Illuminate/Cookie/Middleware/AddQueuedCookiesToResponse.php(37): Illuminate\\Pipeline\\Pipeline->Illuminate\\Pipeline\\{closure}()
#35 /home/garatech.rw/itsinda/core/vendor/laravel/framework/src/Illuminate/Pipeline/Pipeline.php(183): Illuminate\\Cookie\\Middleware\\AddQueuedCookiesToResponse->handle()
#36 /home/garatech.rw/itsinda/core/vendor/laramin/utility/src/Utility.php(11): Illuminate\\Pipeline\\Pipeline->Illuminate\\Pipeline\\{closure}()
#37 /home/garatech.rw/itsinda/core/vendor/laravel/framework/src/Illuminate/Pipeline/Pipeline.php(183): Laramin\\Utility\\Utility->handle()
#38 /home/garatech.rw/itsinda/core/vendor/laravel/framework/src/Illuminate/Pipeline/Pipeline.php(119): Illuminate\\Pipeline\\Pipeline->Illuminate\\Pipeline\\{closure}()
#39 /home/garatech.rw/itsinda/core/vendor/laravel/framework/src/Illuminate/Routing/Router.php(807): Illuminate\\Pipeline\\Pipeline->then()
#40 /home/garatech.rw/itsinda/core/vendor/laravel/framework/src/Illuminate/Routing/Router.php(786): Illuminate\\Routing\\Router->runRouteWithinStack()
#41 /home/garatech.rw/itsinda/core/vendor/laravel/framework/src/Illuminate/Routing/Router.php(750): Illuminate\\Routing\\Router->runRoute()
#42 /home/garatech.rw/itsinda/core/vendor/laravel/framework/src/Illuminate/Routing/Router.php(739): Illuminate\\Routing\\Router->dispatchToRoute()
#43 /home/garatech.rw/itsinda/core/vendor/laravel/framework/src/Illuminate/Foundation/Http/Kernel.php(201): Illuminate\\Routing\\Router->dispatch()
#44 /home/garatech.rw/itsinda/core/vendor/laravel/framework/src/Illuminate/Pipeline/Pipeline.php(144): Illuminate\\Foundation\\Http\\Kernel->Illuminate\\Foundation\\Http\\{closure}()
#45 /home/garatech.rw/itsinda/core/vendor/laravel/framework/src/Illuminate/Foundation/Http/Middleware/TransformsRequest.php(21): Illuminate\\Pipeline\\Pipeline->Illuminate\\Pipeline\\{closure}()
#46 /home/garatech.rw/itsinda/core/vendor/laravel/framework/src/Illuminate/Foundation/Http/Middleware/ConvertEmptyStringsToNull.php(31): Illuminate\\Foundation\\Http\\Middleware\\TransformsRequest->handle()
#47 /home/garatech.rw/itsinda/core/vendor/laravel/framework/src/Illuminate/Pipeline/Pipeline.php(183): Illuminate\\Foundation\\Http\\Middleware\\ConvertEmptyStringsToNull->handle()
#48 /home/garatech.rw/itsinda/core/vendor/laravel/framework/src/Illuminate/Foundation/Http/Middleware/TransformsRequest.php(21): Illuminate\\Pipeline\\Pipeline->Illuminate\\Pipeline\\{closure}()
#49 /home/garatech.rw/itsinda/core/vendor/laravel/framework/src/Illuminate/Foundation/Http/Middleware/TrimStrings.php(51): Illuminate\\Foundation\\Http\\Middleware\\TransformsRequest->handle()
#50 /home/garatech.rw/itsinda/core/vendor/laravel/framework/src/Illuminate/Pipeline/Pipeline.php(183): Illuminate\\Foundation\\Http\\Middleware\\TrimStrings->handle()
#51 /home/garatech.rw/itsinda/core/vendor/laravel/framework/src/Illuminate/Http/Middleware/ValidatePostSize.php(27): Illuminate\\Pipeline\\Pipeline->Illuminate\\Pipeline\\{closure}()
#52 /home/garatech.rw/itsinda/core/vendor/laravel/framework/src/Illuminate/Pipeline/Pipeline.php(183): Illuminate\\Http\\Middleware\\ValidatePostSize->handle()
#53 /home/garatech.rw/itsinda/core/vendor/laravel/framework/src/Illuminate/Foundation/Http/Middleware/PreventRequestsDuringMaintenance.php(110): Illuminate\\Pipeline\\Pipeline->Illuminate\\Pipeline\\{closure}()
#54 /home/garatech.rw/itsinda/core/vendor/laravel/framework/src/Illuminate/Pipeline/Pipeline.php(183): Illuminate\\Foundation\\Http\\Middleware\\PreventRequestsDuringMaintenance->handle()
#55 /home/garatech.rw/itsinda/core/vendor/laravel/framework/src/Illuminate/Http/Middleware/HandleCors.php(49): Illuminate\\Pipeline\\Pipeline->Illuminate\\Pipeline\\{closure}()
#56 /home/garatech.rw/itsinda/core/vendor/laravel/framework/src/Illuminate/Pipeline/Pipeline.php(183): Illuminate\\Http\\Middleware\\HandleCors->handle()
#57 /home/garatech.rw/itsinda/core/vendor/laravel/framework/src/Illuminate/Http/Middleware/TrustProxies.php(57): Illuminate\\Pipeline\\Pipeline->Illuminate\\Pipeline\\{closure}()
#58 /home/garatech.rw/itsinda/core/vendor/laravel/framework/src/Illuminate/Pipeline/Pipeline.php(183): Illuminate\\Http\\Middleware\\TrustProxies->handle()
#59 /home/garatech.rw/itsinda/core/vendor/laramin/utility/src/Utility.php(11): Illuminate\\Pipeline\\Pipeline->Illuminate\\Pipeline\\{closure}()
#60 /home/garatech.rw/itsinda/core/vendor/laravel/framework/src/Illuminate/Pipeline/Pipeline.php(183): Laramin\\Utility\\Utility->handle()
#61 /home/garatech.rw/itsinda/core/vendor/laravel/framework/src/Illuminate/Pipeline/Pipeline.php(119): Illuminate\\Pipeline\\Pipeline->Illuminate\\Pipeline\\{closure}()
#62 /home/garatech.rw/itsinda/core/vendor/laravel/framework/src/Illuminate/Foundation/Http/Kernel.php(176): Illuminate\\Pipeline\\Pipeline->then()
#63 /home/garatech.rw/itsinda/core/vendor/laravel/framework/src/Illuminate/Foundation/Http/Kernel.php(145): Illuminate\\Foundation\\Http\\Kernel->sendRequestThroughRouter()
#64 /home/garatech.rw/itsinda/core/vendor/laravel/framework/src/Illuminate/Foundation/Application.php(1188): Illuminate\\Foundation\\Http\\Kernel->handle()
#65 /home/garatech.rw/itsinda/index.php(17): Illuminate\\Foundation\\Application->handleRequest()
#66 {main}

[previous exception] [object] (ParseError(code: 0): syntax error, unexpected token \"endif\", expecting end of file at /home/garatech.rw/itsinda/core/storage/framework/views/c4ea2183bb7c20c38a138f9aae77ee7a.php:185)
[stacktrace]
#0 /home/garatech.rw/itsinda/core/vendor/laravel/framework/src/Illuminate/Filesystem/Filesystem.php(124): Illuminate\\Filesystem\\Filesystem::Illuminate\\Filesystem\\{closure}()
#1 /home/garatech.rw/itsinda/core/vendor/laravel/framework/src/Illuminate/View/Engines/PhpEngine.php(58): Illuminate\\Filesystem\\Filesystem->getRequire()
#2 /home/garatech.rw/itsinda/core/vendor/laravel/framework/src/Illuminate/View/Engines/CompilerEngine.php(73): Illuminate\\View\\Engines\\PhpEngine->evaluatePath()
#3 /home/garatech.rw/itsinda/core/vendor/laravel/framework/src/Illuminate/View/View.php(208): Illuminate\\View\\Engines\\CompilerEngine->get()
#4 /home/garatech.rw/itsinda/core/vendor/laravel/framework/src/Illuminate/View/View.php(191): Illuminate\\View\\View->getContents()
#5 /home/garatech.rw/itsinda/core/vendor/laravel/framework/src/Illuminate/View/View.php(160): Illuminate\\View\\View->renderContents()
#6 /home/garatech.rw/itsinda/core/vendor/laravel/framework/src/Illuminate/Http/Response.php(70): Illuminate\\View\\View->render()
#7 /home/garatech.rw/itsinda/core/vendor/laravel/framework/src/Illuminate/Http/Response.php(35): Illuminate\\Http\\Response->setContent()
#8 /home/garatech.rw/itsinda/core/vendor/laravel/framework/src/Illuminate/Routing/Router.php(920): Illuminate\\Http\\Response->__construct()
#9 /home/garatech.rw/itsinda/core/vendor/laravel/framework/src/Illuminate/Routing/Router.php(887): Illuminate\\Routing\\Router::toResponse()
#10 /home/garatech.rw/itsinda/core/vendor/laravel/framework/src/Illuminate/Routing/Router.php(807): Illuminate\\Routing\\Router->prepareResponse()
#11 /home/garatech.rw/itsinda/core/vendor/laravel/framework/src/Illuminate/Pipeline/Pipeline.php(144): Illuminate\\Routing\\Router->Illuminate\\Routing\\{closure}()
#12 /home/garatech.rw/itsinda/core/app/Http/Middleware/Logout.php(22): Illuminate\\Pipeline\\Pipeline->Illuminate\\Pipeline\\{closure}()
#13 /home/garatech.rw/itsinda/core/vendor/laravel/framework/src/Illuminate/Pipeline/Pipeline.php(183): App\\Http\\Middleware\\Logout->handle()
#14 /home/garatech.rw/itsinda/core/app/Http/Middleware/RegistrationStep.php(32): Illuminate\\Pipeline\\Pipeline->Illuminate\\Pipeline\\{closure}()
#15 /home/garatech.rw/itsinda/core/vendor/laravel/framework/src/Illuminate/Pipeline/Pipeline.php(183): App\\Http\\Middleware\\RegistrationStep->handle()
#16 /home/garatech.rw/itsinda/core/app/Http/Middleware/CheckStatus.php(22): Illuminate\\Pipeline\\Pipeline->Illuminate\\Pipeline\\{closure}()
#17 /home/garatech.rw/itsinda/core/vendor/laravel/framework/src/Illuminate/Pipeline/Pipeline.php(183): App\\Http\\Middleware\\CheckStatus->handle()
#18 /home/garatech.rw/itsinda/core/app/Http/Middleware/MaintenanceMode.php(25): Illuminate\\Pipeline\\Pipeline->Illuminate\\Pipeline\\{closure}()
#19 /home/garatech.rw/itsinda/core/vendor/laravel/framework/src/Illuminate/Pipeline/Pipeline.php(183): App\\Http\\Middleware\\MaintenanceMode->handle()
#20 /home/garatech.rw/itsinda/core/app/Http/Middleware/ActiveTemplateMiddleware.php(35): Illuminate\\Pipeline\\Pipeline->Illuminate\\Pipeline\\{closure}()
#21 /home/garatech.rw/itsinda/core/vendor/laravel/framework/src/Illuminate/Pipeline/Pipeline.php(183): App\\Http\\Middleware\\ActiveTemplateMiddleware->handle()
#22 /home/garatech.rw/itsinda/core/app/Http/Middleware/LanguageMiddleware.php(22): Illuminate\\Pipeline\\Pipeline->Illuminate\\Pipeline\\{closure}()
#23 /home/garatech.rw/itsinda/core/vendor/laravel/framework/src/Illuminate/Pipeline/Pipeline.php(183): App\\Http\\Middleware\\LanguageMiddleware->handle()
#24 /home/garatech.rw/itsinda/core/vendor/laravel/framework/src/Illuminate/Routing/Middleware/SubstituteBindings.php(51): Illuminate\\Pipeline\\Pipeline->Illuminate\\Pipeline\\{closure}()
#25 /home/garatech.rw/itsinda/core/vendor/laravel/framework/src/Illuminate/Pipeline/Pipeline.php(183): Illuminate\\Routing\\Middleware\\SubstituteBindings->handle()
#26 /home/garatech.rw/itsinda/core/vendor/laravel/framework/src/Illuminate/Auth/Middleware/Authenticate.php(64): Illuminate\\Pipeline\\Pipeline->Illuminate\\Pipeline\\{closure}()
#27 /home/garatech.rw/itsinda/core/vendor/laravel/framework/src/Illuminate/Pipeline/Pipeline.php(183): Illuminate\\Auth\\Middleware\\Authenticate->handle()
#28 /home/garatech.rw/itsinda/core/vendor/laravel/framework/src/Illuminate/Foundation/Http/Middleware/VerifyCsrfToken.php(88): Illuminate\\Pipeline\\Pipeline->Illuminate\\Pipeline\\{closure}()
#29 /home/garatech.rw/itsinda/core/vendor/laravel/framework/src/Illuminate/Pipeline/Pipeline.php(183): Illuminate\\Foundation\\Http\\Middleware\\VerifyCsrfToken->handle()
#30 /home/garatech.rw/itsinda/core/vendor/laravel/framework/src/Illuminate/View/Middleware/ShareErrorsFromSession.php(49): Illuminate\\Pipeline\\Pipeline->Illuminate\\Pipeline\\{closure}()
#31 /home/garatech.rw/itsinda/core/vendor/laravel/framework/src/Illuminate/Pipeline/Pipeline.php(183): Illuminate\\View\\Middleware\\ShareErrorsFromSession->handle()
#32 /home/garatech.rw/itsinda/core/vendor/laravel/framework/src/Illuminate/Session/Middleware/StartSession.php(121): Illuminate\\Pipeline\\Pipeline->Illuminate\\Pipeline\\{closure}()
#33 /home/garatech.rw/itsinda/core/vendor/laravel/framework/src/Illuminate/Session/Middleware/StartSession.php(64): Illuminate\\Session\\Middleware\\StartSession->handleStatefulRequest()
#34 /home/garatech.rw/itsinda/core/vendor/laravel/framework/src/Illuminate/Pipeline/Pipeline.php(183): Illuminate\\Session\\Middleware\\StartSession->handle()
#35 /home/garatech.rw/itsinda/core/vendor/laravel/framework/src/Illuminate/Cookie/Middleware/AddQueuedCookiesToResponse.php(37): Illuminate\\Pipeline\\Pipeline->Illuminate\\Pipeline\\{closure}()
#36 /home/garatech.rw/itsinda/core/vendor/laravel/framework/src/Illuminate/Pipeline/Pipeline.php(183): Illuminate\\Cookie\\Middleware\\AddQueuedCookiesToResponse->handle()
#37 /home/garatech.rw/itsinda/core/vendor/laramin/utility/src/Utility.php(11): Illuminate\\Pipeline\\Pipeline->Illuminate\\Pipeline\\{closure}()
#38 /home/garatech.rw/itsinda/core/vendor/laravel/framework/src/Illuminate/Pipeline/Pipeline.php(183): Laramin\\Utility\\Utility->handle()
#39 /home/garatech.rw/itsinda/core/vendor/laravel/framework/src/Illuminate/Pipeline/Pipeline.php(119): Illuminate\\Pipeline\\Pipeline->Illuminate\\Pipeline\\{closure}()
#40 /home/garatech.rw/itsinda/core/vendor/laravel/framework/src/Illuminate/Routing/Router.php(807): Illuminate\\Pipeline\\Pipeline->then()
#41 /home/garatech.rw/itsinda/core/vendor/laravel/framework/src/Illuminate/Routing/Router.php(786): Illuminate\\Routing\\Router->runRouteWithinStack()
#42 /home/garatech.rw/itsinda/core/vendor/laravel/framework/src/Illuminate/Routing/Router.php(750): Illuminate\\Routing\\Router->runRoute()
#43 /home/garatech.rw/itsinda/core/vendor/laravel/framework/src/Illuminate/Routing/Router.php(739): Illuminate\\Routing\\Router->dispatchToRoute()
#44 /home/garatech.rw/itsinda/core/vendor/laravel/framework/src/Illuminate/Foundation/Http/Kernel.php(201): Illuminate\\Routing\\Router->dispatch()
#45 /home/garatech.rw/itsinda/core/vendor/laravel/framework/src/Illuminate/Pipeline/Pipeline.php(144): Illuminate\\Foundation\\Http\\Kernel->Illuminate\\Foundation\\Http\\{closure}()
#46 /home/garatech.rw/itsinda/core/vendor/laravel/framework/src/Illuminate/Foundation/Http/Middleware/TransformsRequest.php(21): Illuminate\\Pipeline\\Pipeline->Illuminate\\Pipeline\\{closure}()
#47 /home/garatech.rw/itsinda/core/vendor/laravel/framework/src/Illuminate/Foundation/Http/Middleware/ConvertEmptyStringsToNull.php(31): Illuminate\\Foundation\\Http\\Middleware\\TransformsRequest->handle()
#48 /home/garatech.rw/itsinda/core/vendor/laravel/framework/src/Illuminate/Pipeline/Pipeline.php(183): Illuminate\\Foundation\\Http\\Middleware\\ConvertEmptyStringsToNull->handle()
#49 /home/garatech.rw/itsinda/core/vendor/laravel/framework/src/Illuminate/Foundation/Http/Middleware/TransformsRequest.php(21): Illuminate\\Pipeline\\Pipeline->Illuminate\\Pipeline\\{closure}()
#50 /home/garatech.rw/itsinda/core/vendor/laravel/framework/src/Illuminate/Foundation/Http/Middleware/TrimStrings.php(51): Illuminate\\Foundation\\Http\\Middleware\\TransformsRequest->handle()
#51 /home/garatech.rw/itsinda/core/vendor/laravel/framework/src/Illuminate/Pipeline/Pipeline.php(183): Illuminate\\Foundation\\Http\\Middleware\\TrimStrings->handle()
#52 /home/garatech.rw/itsinda/core/vendor/laravel/framework/src/Illuminate/Http/Middleware/ValidatePostSize.php(27): Illuminate\\Pipeline\\Pipeline->Illuminate\\Pipeline\\{closure}()
#53 /home/garatech.rw/itsinda/core/vendor/laravel/framework/src/Illuminate/Pipeline/Pipeline.php(183): Illuminate\\Http\\Middleware\\ValidatePostSize->handle()
#54 /home/garatech.rw/itsinda/core/vendor/laravel/framework/src/Illuminate/Foundation/Http/Middleware/PreventRequestsDuringMaintenance.php(110): Illuminate\\Pipeline\\Pipeline->Illuminate\\Pipeline\\{closure}()
#55 /home/garatech.rw/itsinda/core/vendor/laravel/framework/src/Illuminate/Pipeline/Pipeline.php(183): Illuminate\\Foundation\\Http\\Middleware\\PreventRequestsDuringMaintenance->handle()
#56 /home/garatech.rw/itsinda/core/vendor/laravel/framework/src/Illuminate/Http/Middleware/HandleCors.php(49): Illuminate\\Pipeline\\Pipeline->Illuminate\\Pipeline\\{closure}()
#57 /home/garatech.rw/itsinda/core/vendor/laravel/framework/src/Illuminate/Pipeline/Pipeline.php(183): Illuminate\\Http\\Middleware\\HandleCors->handle()
#58 /home/garatech.rw/itsinda/core/vendor/laravel/framework/src/Illuminate/Http/Middleware/TrustProxies.php(57): Illuminate\\Pipeline\\Pipeline->Illuminate\\Pipeline\\{closure}()
#59 /home/garatech.rw/itsinda/core/vendor/laravel/framework/src/Illuminate/Pipeline/Pipeline.php(183): Illuminate\\Http\\Middleware\\TrustProxies->handle()
#60 /home/garatech.rw/itsinda/core/vendor/laramin/utility/src/Utility.php(11): Illuminate\\Pipeline\\Pipeline->Illuminate\\Pipeline\\{closure}()
#61 /home/garatech.rw/itsinda/core/vendor/laravel/framework/src/Illuminate/Pipeline/Pipeline.php(183): Laramin\\Utility\\Utility->handle()
#62 /home/garatech.rw/itsinda/core/vendor/laravel/framework/src/Illuminate/Pipeline/Pipeline.php(119): Illuminate\\Pipeline\\Pipeline->Illuminate\\Pipeline\\{closure}()
#63 /home/garatech.rw/itsinda/core/vendor/laravel/framework/src/Illuminate/Foundation/Http/Kernel.php(176): Illuminate\\Pipeline\\Pipeline->then()
#64 /home/garatech.rw/itsinda/core/vendor/laravel/framework/src/Illuminate/Foundation/Http/Kernel.php(145): Illuminate\\Foundation\\Http\\Kernel->sendRequestThroughRouter()
#65 /home/garatech.rw/itsinda/core/vendor/laravel/framework/src/Illuminate/Foundation/Application.php(1188): Illuminate\\Foundation\\Http\\Kernel->handle()
#66 /home/garatech.rw/itsinda/index.php(17): Illuminate\\Foundation\\Application->handleRequest()
#67 {main}
"} 
[2025-12-13 20:53:52] production.ERROR: syntax error, unexpected token "public" {"exception":"[object] (ParseError(code: 0): syntax error, unexpected token \"public\" at /home/garatech.rw/itsinda/core/app/Http/Controllers/Api/UssdContributionController.php:141)
[stacktrace]
#0 /home/garatech.rw/itsinda/core/vendor/composer/ClassLoader.php(428): Composer\\Autoload\\includeFile()
#1 [internal function]: Composer\\Autoload\\ClassLoader->loadClass()
#2 /home/garatech.rw/itsinda/core/vendor/laravel/framework/src/Illuminate/Routing/Route.php(1097): is_a()
#3 /home/garatech.rw/itsinda/core/vendor/laravel/framework/src/Illuminate/Routing/Route.php(1036): Illuminate\\Routing\\Route->controllerMiddleware()
#4 /home/garatech.rw/itsinda/core/vendor/laravel/framework/src/Illuminate/Routing/Router.php(820): Illuminate\\Routing\\Route->gatherMiddleware()
#5 /home/garatech.rw/itsinda/core/vendor/laravel/framework/src/Illuminate/Routing/Router.php(802): Illuminate\\Routing\\Router->gatherRouteMiddleware()
#6 /home/garatech.rw/itsinda/core/vendor/laravel/framework/src/Illuminate/Routing/Router.php(786): Illuminate\\Routing\\Router->runRouteWithinStack()
#7 /home/garatech.rw/itsinda/core/vendor/laravel/framework/src/Illuminate/Routing/Router.php(750): Illuminate\\Routing\\Router->runRoute()
#8 /home/garatech.rw/itsinda/core/vendor/laravel/framework/src/Illuminate/Routing/Router.php(739): Illuminate\\Routing\\Router->dispatchToRoute()
#9 /home/garatech.rw/itsinda/core/vendor/laravel/framework/src/Illuminate/Foundation/Http/Kernel.php(201): Illuminate\\Routing\\Router->dispatch()
#10 /home/garatech.rw/itsinda/core/vendor/laravel/framework/src/Illuminate/Pipeline/Pipeline.php(144): Illuminate\\Foundation\\Http\\Kernel->Illuminate\\Foundation\\Http\\{closure}()
#11 /home/garatech.rw/itsinda/core/vendor/laravel/framework/src/Illuminate/Foundation/Http/Middleware/TransformsRequest.php(21): Illuminate\\Pipeline\\Pipeline->Illuminate\\Pipeline\\{closure}()
#12 /home/garatech.rw/itsinda/core/vendor/laravel/framework/src/Illuminate/Foundation/Http/Middleware/ConvertEmptyStringsToNull.php(31): Illuminate\\Foundation\\Http\\Middleware\\TransformsRequest->handle()
#13 /home/garatech.rw/itsinda/core/vendor/laravel/framework/src/Illuminate/Pipeline/Pipeline.php(183): Illuminate\\Foundation\\Http\\Middleware\\ConvertEmptyStringsToNull->handle()
#14 /home/garatech.rw/itsinda/core/vendor/laravel/framework/src/Illuminate/Foundation/Http/Middleware/TransformsRequest.php(21): Illuminate\\Pipeline\\Pipeline->Illuminate\\Pipeline\\{closure}()
#15 /home/garatech.rw/itsinda/core/vendor/laravel/framework/src/Illuminate/Foundation/Http/Middleware/TrimStrings.php(51): Illuminate\\Foundation\\Http\\Middleware\\TransformsRequest->handle()
#16 /home/garatech.rw/itsinda/core/vendor/laravel/framework/src/Illuminate/Pipeline/Pipeline.php(183): Illuminate\\Foundation\\Http\\Middleware\\TrimStrings->handle()
#17 /home/garatech.rw/itsinda/core/vendor/laravel/framework/src/Illuminate/Http/Middleware/ValidatePostSize.php(27): Illuminate\\Pipeline\\Pipeline->Illuminate\\Pipeline\\{closure}()
#18 /home/garatech.rw/itsinda/core/vendor/laravel/framework/src/Illuminate/Pipeline/Pipeline.php(183): Illuminate\\Http\\Middleware\\ValidatePostSize->handle()
#19 /home/garatech.rw/itsinda/core/vendor/laravel/framework/src/Illuminate/Foundation/Http/Middleware/PreventRequestsDuringMaintenance.php(110): Illuminate\\Pipeline\\Pipeline->Illuminate\\Pipeline\\{closure}()
#20 /home/garatech.rw/itsinda/core/vendor/laravel/framework/src/Illuminate/Pipeline/Pipeline.php(183): Illuminate\\Foundation\\Http\\Middleware\\PreventRequestsDuringMaintenance->handle()
#21 /home/garatech.rw/itsinda/core/vendor/laravel/framework/src/Illuminate/Http/Middleware/HandleCors.php(62): Illuminate\\Pipeline\\Pipeline->Illuminate\\Pipeline\\{closure}()
#22 /home/garatech.rw/itsinda/core/vendor/laravel/framework/src/Illuminate/Pipeline/Pipeline.php(183): Illuminate\\Http\\Middleware\\HandleCors->handle()
#23 /home/garatech.rw/itsinda/core/vendor/laravel/framework/src/Illuminate/Http/Middleware/TrustProxies.php(57): Illuminate\\Pipeline\\Pipeline->Illuminate\\Pipeline\\{closure}()
#24 /home/garatech.rw/itsinda/core/vendor/laravel/framework/src/Illuminate/Pipeline/Pipeline.php(183): Illuminate\\Http\\Middleware\\TrustProxies->handle()
#25 /home/garatech.rw/itsinda/core/vendor/laramin/utility/src/Utility.php(11): Illuminate\\Pipeline\\Pipeline->Illuminate\\Pipeline\\{closure}()
#26 /home/garatech.rw/itsinda/core/vendor/laravel/framework/src/Illuminate/Pipeline/Pipeline.php(183): Laramin\\Utility\\Utility->handle()
#27 /home/garatech.rw/itsinda/core/vendor/laravel/framework/src/Illuminate/Pipeline/Pipeline.php(119): Illuminate\\Pipeline\\Pipeline->Illuminate\\Pipeline\\{closure}()
#28 /home/garatech.rw/itsinda/core/vendor/laravel/framework/src/Illuminate/Foundation/Http/Kernel.php(176): Illuminate\\Pipeline\\Pipeline->then()
#29 /home/garatech.rw/itsinda/core/vendor/laravel/framework/src/Illuminate/Foundation/Http/Kernel.php(145): Illuminate\\Foundation\\Http\\Kernel->sendRequestThroughRouter()
#30 /home/garatech.rw/itsinda/core/vendor/laravel/framework/src/Illuminate/Foundation/Application.php(1188): Illuminate\\Foundation\\Http\\Kernel->handle()
#31 /home/garatech.rw/itsinda/index.php(17): Illuminate\\Foundation\\Application->handleRequest()
#32 {main}
"} 
[2025-12-13 20:54:12] production.ERROR: syntax error, unexpected token "public" {"exception":"[object] (ParseError(code: 0): syntax error, unexpected token \"public\" at /home/garatech.rw/itsinda/core/app/Http/Controllers/Api/UssdContributionController.php:141)
[stacktrace]
#0 /home/garatech.rw/itsinda/core/vendor/composer/ClassLoader.php(428): Composer\\Autoload\\includeFile()
#1 [internal function]: Composer\\Autoload\\ClassLoader->loadClass()
#2 /home/garatech.rw/itsinda/core/vendor/laravel/framework/src/Illuminate/Routing/Route.php(1097): is_a()
#3 /home/garatech.rw/itsinda/core/vendor/laravel/framework/src/Illuminate/Routing/Route.php(1036): Illuminate\\Routing\\Route->controllerMiddleware()
#4 /home/garatech.rw/itsinda/core/vendor/laravel/framework/src/Illuminate/Routing/Router.php(820): Illuminate\\Routing\\Route->gatherMiddleware()
#5 /home/garatech.rw/itsinda/core/vendor/laravel/framework/src/Illuminate/Routing/Router.php(802): Illuminate\\Routing\\Router->gatherRouteMiddleware()
#6 /home/garatech.rw/itsinda/core/vendor/laravel/framework/src/Illuminate/Routing/Router.php(786): Illuminate\\Routing\\Router->runRouteWithinStack()
#7 /home/garatech.rw/itsinda/core/vendor/laravel/framework/src/Illuminate/Routing/Router.php(750): Illuminate\\Routing\\Router->runRoute()
#8 /home/garatech.rw/itsinda/core/vendor/laravel/framework/src/Illuminate/Routing/Router.php(739): Illuminate\\Routing\\Router->dispatchToRoute()
#9 /home/garatech.rw/itsinda/core/vendor/laravel/framework/src/Illuminate/Foundation/Http/Kernel.php(201): Illuminate\\Routing\\Router->dispatch()
#10 /home/garatech.rw/itsinda/core/vendor/laravel/framework/src/Illuminate/Pipeline/Pipeline.php(144): Illuminate\\Foundation\\Http\\Kernel->Illuminate\\Foundation\\Http\\{closure}()
#11 /home/garatech.rw/itsinda/core/vendor/laravel/framework/src/Illuminate/Foundation/Http/Middleware/TransformsRequest.php(21): Illuminate\\Pipeline\\Pipeline->Illuminate\\Pipeline\\{closure}()
#12 /home/garatech.rw/itsinda/core/vendor/laravel/framework/src/Illuminate/Foundation/Http/Middleware/ConvertEmptyStringsToNull.php(31): Illuminate\\Foundation\\Http\\Middleware\\TransformsRequest->handle()
#13 /home/garatech.rw/itsinda/core/vendor/laravel/framework/src/Illuminate/Pipeline/Pipeline.php(183): Illuminate\\Foundation\\Http\\Middleware\\ConvertEmptyStringsToNull->handle()
#14 /home/garatech.rw/itsinda/core/vendor/laravel/framework/src/Illuminate/Foundation/Http/Middleware/TransformsRequest.php(21): Illuminate\\Pipeline\\Pipeline->Illuminate\\Pipeline\\{closure}()
#15 /home/garatech.rw/itsinda/core/vendor/laravel/framework/src/Illuminate/Foundation/Http/Middleware/TrimStrings.php(51): Illuminate\\Foundation\\Http\\Middleware\\TransformsRequest->handle()
#16 /home/garatech.rw/itsinda/core/vendor/laravel/framework/src/Illuminate/Pipeline/Pipeline.php(183): Illuminate\\Foundation\\Http\\Middleware\\TrimStrings->handle()
#17 /home/garatech.rw/itsinda/core/vendor/laravel/framework/src/Illuminate/Http/Middleware/ValidatePostSize.php(27): Illuminate\\Pipeline\\Pipeline->Illuminate\\Pipeline\\{closure}()
#18 /home/garatech.rw/itsinda/core/vendor/laravel/framework/src/Illuminate/Pipeline/Pipeline.php(183): Illuminate\\Http\\Middleware\\ValidatePostSize->handle()
#19 /home/garatech.rw/itsinda/core/vendor/laravel/framework/src/Illuminate/Foundation/Http/Middleware/PreventRequestsDuringMaintenance.php(110): Illuminate\\Pipeline\\Pipeline->Illuminate\\Pipeline\\{closure}()
#20 /home/garatech.rw/itsinda/core/vendor/laravel/framework/src/Illuminate/Pipeline/Pipeline.php(183): Illuminate\\Foundation\\Http\\Middleware\\PreventRequestsDuringMaintenance->handle()
#21 /home/garatech.rw/itsinda/core/vendor/laravel/framework/src/Illuminate/Http/Middleware/HandleCors.php(62): Illuminate\\Pipeline\\Pipeline->Illuminate\\Pipeline\\{closure}()
#22 /home/garatech.rw/itsinda/core/vendor/laravel/framework/src/Illuminate/Pipeline/Pipeline.php(183): Illuminate\\Http\\Middleware\\HandleCors->handle()
#23 /home/garatech.rw/itsinda/core/vendor/laravel/framework/src/Illuminate/Http/Middleware/TrustProxies.php(57): Illuminate\\Pipeline\\Pipeline->Illuminate\\Pipeline\\{closure}()
#24 /home/garatech.rw/itsinda/core/vendor/laravel/framework/src/Illuminate/Pipeline/Pipeline.php(183): Illuminate\\Http\\Middleware\\TrustProxies->handle()
#25 /home/garatech.rw/itsinda/core/vendor/laramin/utility/src/Utility.php(11): Illuminate\\Pipeline\\Pipeline->Illuminate\\Pipeline\\{closure}()
#26 /home/garatech.rw/itsinda/core/vendor/laravel/framework/src/Illuminate/Pipeline/Pipeline.php(183): Laramin\\Utility\\Utility->handle()
#27 /home/garatech.rw/itsinda/core/vendor/laravel/framework/src/Illuminate/Pipeline/Pipeline.php(119): Illuminate\\Pipeline\\Pipeline->Illuminate\\Pipeline\\{closure}()
#28 /home/garatech.rw/itsinda/core/vendor/laravel/framework/src/Illuminate/Foundation/Http/Kernel.php(176): Illuminate\\Pipeline\\Pipeline->then()
#29 /home/garatech.rw/itsinda/core/vendor/laravel/framework/src/Illuminate/Foundation/Http/Kernel.php(145): Illuminate\\Foundation\\Http\\Kernel->sendRequestThroughRouter()
#30 /home/garatech.rw/itsinda/core/vendor/laravel/framework/src/Illuminate/Foundation/Application.php(1188): Illuminate\\Foundation\\Http\\Kernel->handle()
#31 /home/garatech.rw/itsinda/index.php(17): Illuminate\\Foundation\\Application->handleRequest()
#32 {main}
"} 
[2025-12-13 20:54:25] production.ERROR: syntax error, unexpected token "public" {"exception":"[object] (ParseError(code: 0): syntax error, unexpected token \"public\" at /home/garatech.rw/itsinda/core/app/Http/Controllers/Api/UssdContributionController.php:141)
[stacktrace]
#0 /home/garatech.rw/itsinda/core/vendor/composer/ClassLoader.php(428): Composer\\Autoload\\includeFile()
#1 [internal function]: Composer\\Autoload\\ClassLoader->loadClass()
#2 /home/garatech.rw/itsinda/core/vendor/laravel/framework/src/Illuminate/Routing/Route.php(1097): is_a()
#3 /home/garatech.rw/itsinda/core/vendor/laravel/framework/src/Illuminate/Routing/Route.php(1036): Illuminate\\Routing\\Route->controllerMiddleware()
#4 /home/garatech.rw/itsinda/core/vendor/laravel/framework/src/Illuminate/Routing/Router.php(820): Illuminate\\Routing\\Route->gatherMiddleware()
#5 /home/garatech.rw/itsinda/core/vendor/laravel/framework/src/Illuminate/Routing/Router.php(802): Illuminate\\Routing\\Router->gatherRouteMiddleware()
#6 /home/garatech.rw/itsinda/core/vendor/laravel/framework/src/Illuminate/Routing/Router.php(786): Illuminate\\Routing\\Router->runRouteWithinStack()
#7 /home/garatech.rw/itsinda/core/vendor/laravel/framework/src/Illuminate/Routing/Router.php(750): Illuminate\\Routing\\Router->runRoute()
#8 /home/garatech.rw/itsinda/core/vendor/laravel/framework/src/Illuminate/Routing/Router.php(739): Illuminate\\Routing\\Router->dispatchToRoute()
#9 /home/garatech.rw/itsinda/core/vendor/laravel/framework/src/Illuminate/Foundation/Http/Kernel.php(201): Illuminate\\Routing\\Router->dispatch()
#10 /home/garatech.rw/itsinda/core/vendor/laravel/framework/src/Illuminate/Pipeline/Pipeline.php(144): Illuminate\\Foundation\\Http\\Kernel->Illuminate\\Foundation\\Http\\{closure}()
#11 /home/garatech.rw/itsinda/core/vendor/laravel/framework/src/Illuminate/Foundation/Http/Middleware/TransformsRequest.php(21): Illuminate\\Pipeline\\Pipeline->Illuminate\\Pipeline\\{closure}()
#12 /home/garatech.rw/itsinda/core/vendor/laravel/framework/src/Illuminate/Foundation/Http/Middleware/ConvertEmptyStringsToNull.php(31): Illuminate\\Foundation\\Http\\Middleware\\TransformsRequest->handle()
#13 /home/garatech.rw/itsinda/core/vendor/laravel/framework/src/Illuminate/Pipeline/Pipeline.php(183): Illuminate\\Foundation\\Http\\Middleware\\ConvertEmptyStringsToNull->handle()
#14 /home/garatech.rw/itsinda/core/vendor/laravel/framework/src/Illuminate/Foundation/Http/Middleware/TransformsRequest.php(21): Illuminate\\Pipeline\\Pipeline->Illuminate\\Pipeline\\{closure}()
#15 /home/garatech.rw/itsinda/core/vendor/laravel/framework/src/Illuminate/Foundation/Http/Middleware/TrimStrings.php(51): Illuminate\\Foundation\\Http\\Middleware\\TransformsRequest->handle()
#16 /home/garatech.rw/itsinda/core/vendor/laravel/framework/src/Illuminate/Pipeline/Pipeline.php(183): Illuminate\\Foundation\\Http\\Middleware\\TrimStrings->handle()
#17 /home/garatech.rw/itsinda/core/vendor/laravel/framework/src/Illuminate/Http/Middleware/ValidatePostSize.php(27): Illuminate\\Pipeline\\Pipeline->Illuminate\\Pipeline\\{closure}()
#18 /home/garatech.rw/itsinda/core/vendor/laravel/framework/src/Illuminate/Pipeline/Pipeline.php(183): Illuminate\\Http\\Middleware\\ValidatePostSize->handle()
#19 /home/garatech.rw/itsinda/core/vendor/laravel/framework/src/Illuminate/Foundation/Http/Middleware/PreventRequestsDuringMaintenance.php(110): Illuminate\\Pipeline\\Pipeline->Illuminate\\Pipeline\\{closure}()
#20 /home/garatech.rw/itsinda/core/vendor/laravel/framework/src/Illuminate/Pipeline/Pipeline.php(183): Illuminate\\Foundation\\Http\\Middleware\\PreventRequestsDuringMaintenance->handle()
#21 /home/garatech.rw/itsinda/core/vendor/laravel/framework/src/Illuminate/Http/Middleware/HandleCors.php(62): Illuminate\\Pipeline\\Pipeline->Illuminate\\Pipeline\\{closure}()
#22 /home/garatech.rw/itsinda/core/vendor/laravel/framework/src/Illuminate/Pipeline/Pipeline.php(183): Illuminate\\Http\\Middleware\\HandleCors->handle()
#23 /home/garatech.rw/itsinda/core/vendor/laravel/framework/src/Illuminate/Http/Middleware/TrustProxies.php(57): Illuminate\\Pipeline\\Pipeline->Illuminate\\Pipeline\\{closure}()
#24 /home/garatech.rw/itsinda/core/vendor/laravel/framework/src/Illuminate/Pipeline/Pipeline.php(183): Illuminate\\Http\\Middleware\\TrustProxies->handle()
#25 /home/garatech.rw/itsinda/core/vendor/laramin/utility/src/Utility.php(11): Illuminate\\Pipeline\\Pipeline->Illuminate\\Pipeline\\{closure}()
#26 /home/garatech.rw/itsinda/core/vendor/laravel/framework/src/Illuminate/Pipeline/Pipeline.php(183): Laramin\\Utility\\Utility->handle()
#27 /home/garatech.rw/itsinda/core/vendor/laravel/framework/src/Illuminate/Pipeline/Pipeline.php(119): Illuminate\\Pipeline\\Pipeline->Illuminate\\Pipeline\\{closure}()
#28 /home/garatech.rw/itsinda/core/vendor/laravel/framework/src/Illuminate/Foundation/Http/Kernel.php(176): Illuminate\\Pipeline\\Pipeline->then()
#29 /home/garatech.rw/itsinda/core/vendor/laravel/framework/src/Illuminate/Foundation/Http/Kernel.php(145): Illuminate\\Foundation\\Http\\Kernel->sendRequestThroughRouter()
#30 /home/garatech.rw/itsinda/core/vendor/laravel/framework/src/Illuminate/Foundation/Application.php(1188): Illuminate\\Foundation\\Http\\Kernel->handle()
#31 /home/garatech.rw/itsinda/index.php(17): Illuminate\\Foundation\\Application->handleRequest()
#32 {main}
"} 
[2025-12-13 21:20:04] production.ERROR: Undefined variable $timezone {"exception":"[object] (ErrorException(code: 0): Undefined variable $timezone at /home/garatech.rw/itsinda/core/config/app.php:69)
[stacktrace]
#0 /home/garatech.rw/itsinda/core/vendor/laravel/framework/src/Illuminate/Foundation/Bootstrap/HandleExceptions.php(256): Illuminate\\Foundation\\Bootstrap\\HandleExceptions->handleError()
#1 /home/garatech.rw/itsinda/core/config/app.php(69): Illuminate\\Foundation\\Bootstrap\\HandleExceptions->Illuminate\\Foundation\\Bootstrap\\{closure}()
#2 /home/garatech.rw/itsinda/core/vendor/laravel/framework/src/Illuminate/Foundation/Bootstrap/LoadConfiguration.php(96): require('...')
#3 /home/garatech.rw/itsinda/core/vendor/laravel/framework/src/Illuminate/Foundation/Bootstrap/LoadConfiguration.php(77): Illuminate\\Foundation\\Bootstrap\\LoadConfiguration->loadConfigurationFile()
#4 /home/garatech.rw/itsinda/core/vendor/laravel/framework/src/Illuminate/Foundation/Bootstrap/LoadConfiguration.php(38): Illuminate\\Foundation\\Bootstrap\\LoadConfiguration->loadConfigurationFiles()
#5 /home/garatech.rw/itsinda/core/vendor/laravel/framework/src/Illuminate/Foundation/Application.php(316): Illuminate\\Foundation\\Bootstrap\\LoadConfiguration->bootstrap()
#6 /home/garatech.rw/itsinda/core/vendor/laravel/framework/src/Illuminate/Foundation/Console/Kernel.php(473): Illuminate\\Foundation\\Application->bootstrapWith()
#7 /home/garatech.rw/itsinda/core/vendor/laravel/framework/src/Illuminate/Foundation/Console/ConfigCacheCommand.php(90): Illuminate\\Foundation\\Console\\Kernel->bootstrap()
#8 /home/garatech.rw/itsinda/core/vendor/laravel/framework/src/Illuminate/Foundation/Console/ConfigCacheCommand.php(60): Illuminate\\Foundation\\Console\\ConfigCacheCommand->getFreshConfiguration()
#9 /home/garatech.rw/itsinda/core/vendor/laravel/framework/src/Illuminate/Container/BoundMethod.php(36): Illuminate\\Foundation\\Console\\ConfigCacheCommand->handle()
#10 /home/garatech.rw/itsinda/core/vendor/laravel/framework/src/Illuminate/Container/Util.php(43): Illuminate\\Container\\BoundMethod::Illuminate\\Container\\{closure}()
#11 /home/garatech.rw/itsinda/core/vendor/laravel/framework/src/Illuminate/Container/BoundMethod.php(95): Illuminate\\Container\\Util::unwrapIfClosure()
#12 /home/garatech.rw/itsinda/core/vendor/laravel/framework/src/Illuminate/Container/BoundMethod.php(35): Illuminate\\Container\\BoundMethod::callBoundMethod()
#13 /home/garatech.rw/itsinda/core/vendor/laravel/framework/src/Illuminate/Container/Container.php(690): Illuminate\\Container\\BoundMethod::call()
#14 /home/garatech.rw/itsinda/core/vendor/laravel/framework/src/Illuminate/Console/Command.php(213): Illuminate\\Container\\Container->call()
#15 /home/garatech.rw/itsinda/core/vendor/symfony/console/Command/Command.php(279): Illuminate\\Console\\Command->execute()
#16 /home/garatech.rw/itsinda/core/vendor/laravel/framework/src/Illuminate/Console/Command.php(182): Symfony\\Component\\Console\\Command\\Command->run()
#17 /home/garatech.rw/itsinda/core/vendor/symfony/console/Application.php(1047): Illuminate\\Console\\Command->run()
#18 /home/garatech.rw/itsinda/core/vendor/symfony/console/Application.php(316): Symfony\\Component\\Console\\Application->doRunCommand()
#19 /home/garatech.rw/itsinda/core/vendor/symfony/console/Application.php(167): Symfony\\Component\\Console\\Application->doRun()
#20 /home/garatech.rw/itsinda/core/vendor/laravel/framework/src/Illuminate/Foundation/Console/Kernel.php(197): Symfony\\Component\\Console\\Application->run()
#21 /home/garatech.rw/itsinda/core/vendor/laravel/framework/src/Illuminate/Foundation/Application.php(1203): Illuminate\\Foundation\\Console\\Kernel->handle()
#22 /home/garatech.rw/itsinda/core/artisan(13): Illuminate\\Foundation\\Application->handleCommand()
#23 {main}
"} 
[2025-12-13 21:31:58] production.ERROR: Target class [request] does not exist. {"exception":"[object] (Illuminate\\Contracts\\Container\\BindingResolutionException(code: 0): Target class [request] does not exist. at /home/garatech.rw/itsinda/core/vendor/laravel/framework/src/Illuminate/Container/Container.php:940)
[stacktrace]
#0 /home/garatech.rw/itsinda/core/vendor/laravel/framework/src/Illuminate/Container/Container.php(815): Illuminate\\Container\\Container->build()
#1 /home/garatech.rw/itsinda/core/vendor/laravel/framework/src/Illuminate/Foundation/Application.php(1046): Illuminate\\Container\\Container->resolve()
#2 /home/garatech.rw/itsinda/core/vendor/laravel/framework/src/Illuminate/Container/Container.php(751): Illuminate\\Foundation\\Application->resolve()
#3 /home/garatech.rw/itsinda/core/vendor/laravel/framework/src/Illuminate/Foundation/Application.php(1028): Illuminate\\Container\\Container->make()
#4 /home/garatech.rw/itsinda/core/vendor/laravel/framework/src/Illuminate/Foundation/helpers.php(124): Illuminate\\Foundation\\Application->make()
#5 /home/garatech.rw/itsinda/core/vendor/laravel/framework/src/Illuminate/Foundation/helpers.php(738): app()
#6 /home/garatech.rw/itsinda/core/vendor/laramin/utility/src/UtilityServiceProvider.php(20): request()
#7 /home/garatech.rw/itsinda/core/vendor/laravel/framework/src/Illuminate/Container/BoundMethod.php(36): Laramin\\Utility\\UtilityServiceProvider->boot()
#8 /home/garatech.rw/itsinda/core/vendor/laravel/framework/src/Illuminate/Container/Util.php(43): Illuminate\\Container\\BoundMethod::Illuminate\\Container\\{closure}()
#9 /home/garatech.rw/itsinda/core/vendor/laravel/framework/src/Illuminate/Container/BoundMethod.php(95): Illuminate\\Container\\Util::unwrapIfClosure()
#10 /home/garatech.rw/itsinda/core/vendor/laravel/framework/src/Illuminate/Container/BoundMethod.php(35): Illuminate\\Container\\BoundMethod::callBoundMethod()
#11 /home/garatech.rw/itsinda/core/vendor/laravel/framework/src/Illuminate/Container/Container.php(690): Illuminate\\Container\\BoundMethod::call()
#12 /home/garatech.rw/itsinda/core/vendor/laravel/framework/src/Illuminate/Foundation/Application.php(1119): Illuminate\\Container\\Container->call()
#13 /home/garatech.rw/itsinda/core/vendor/laravel/framework/src/Illuminate/Foundation/Application.php(1100): Illuminate\\Foundation\\Application->bootProvider()
#14 [internal function]: Illuminate\\Foundation\\Application->Illuminate\\Foundation\\{closure}()
#15 /home/garatech.rw/itsinda/core/vendor/laravel/framework/src/Illuminate/Foundation/Application.php(1099): array_walk()
#16 /home/garatech.rw/itsinda/core/vendor/laravel/framework/src/Illuminate/Foundation/Bootstrap/BootProviders.php(17): Illuminate\\Foundation\\Application->boot()
#17 /home/garatech.rw/itsinda/core/vendor/laravel/framework/src/Illuminate/Foundation/Application.php(316): Illuminate\\Foundation\\Bootstrap\\BootProviders->bootstrap()
#18 /home/garatech.rw/itsinda/core/vendor/laravel/framework/src/Illuminate/Foundation/Http/Kernel.php(187): Illuminate\\Foundation\\Application->bootstrapWith()
#19 /tmp/test_dashboard_data.php(6): Illuminate\\Foundation\\Http\\Kernel->bootstrap()
#20 {main}

[previous exception] [object] (ReflectionException(code: -1): Class \"request\" does not exist at /home/garatech.rw/itsinda/core/vendor/laravel/framework/src/Illuminate/Container/Container.php:938)
[stacktrace]
#0 /home/garatech.rw/itsinda/core/vendor/laravel/framework/src/Illuminate/Container/Container.php(938): ReflectionClass->__construct()
#1 /home/garatech.rw/itsinda/core/vendor/laravel/framework/src/Illuminate/Container/Container.php(815): Illuminate\\Container\\Container->build()
#2 /home/garatech.rw/itsinda/core/vendor/laravel/framework/src/Illuminate/Foundation/Application.php(1046): Illuminate\\Container\\Container->resolve()
#3 /home/garatech.rw/itsinda/core/vendor/laravel/framework/src/Illuminate/Container/Container.php(751): Illuminate\\Foundation\\Application->resolve()
#4 /home/garatech.rw/itsinda/core/vendor/laravel/framework/src/Illuminate/Foundation/Application.php(1028): Illuminate\\Container\\Container->make()
#5 /home/garatech.rw/itsinda/core/vendor/laravel/framework/src/Illuminate/Foundation/helpers.php(124): Illuminate\\Foundation\\Application->make()
#6 /home/garatech.rw/itsinda/core/vendor/laravel/framework/src/Illuminate/Foundation/helpers.php(738): app()
#7 /home/garatech.rw/itsinda/core/vendor/laramin/utility/src/UtilityServiceProvider.php(20): request()
#8 /home/garatech.rw/itsinda/core/vendor/laravel/framework/src/Illuminate/Container/BoundMethod.php(36): Laramin\\Utility\\UtilityServiceProvider->boot()
#9 /home/garatech.rw/itsinda/core/vendor/laravel/framework/src/Illuminate/Container/Util.php(43): Illuminate\\Container\\BoundMethod::Illuminate\\Container\\{closure}()
#10 /home/garatech.rw/itsinda/core/vendor/laravel/framework/src/Illuminate/Container/BoundMethod.php(95): Illuminate\\Container\\Util::unwrapIfClosure()
#11 /home/garatech.rw/itsinda/core/vendor/laravel/framework/src/Illuminate/Container/BoundMethod.php(35): Illuminate\\Container\\BoundMethod::callBoundMethod()
#12 /home/garatech.rw/itsinda/core/vendor/laravel/framework/src/Illuminate/Container/Container.php(690): Illuminate\\Container\\BoundMethod::call()
#13 /home/garatech.rw/itsinda/core/vendor/laravel/framework/src/Illuminate/Foundation/Application.php(1119): Illuminate\\Container\\Container->call()
#14 /home/garatech.rw/itsinda/core/vendor/laravel/framework/src/Illuminate/Foundation/Application.php(1100): Illuminate\\Foundation\\Application->bootProvider()
#15 [internal function]: Illuminate\\Foundation\\Application->Illuminate\\Foundation\\{closure}()
#16 /home/garatech.rw/itsinda/core/vendor/laravel/framework/src/Illuminate/Foundation/Application.php(1099): array_walk()
#17 /home/garatech.rw/itsinda/core/vendor/laravel/framework/src/Illuminate/Foundation/Bootstrap/BootProviders.php(17): Illuminate\\Foundation\\Application->boot()
#18 /home/garatech.rw/itsinda/core/vendor/laravel/framework/src/Illuminate/Foundation/Application.php(316): Illuminate\\Foundation\\Bootstrap\\BootProviders->bootstrap()
#19 /home/garatech.rw/itsinda/core/vendor/laravel/framework/src/Illuminate/Foundation/Http/Kernel.php(187): Illuminate\\Foundation\\Application->bootstrapWith()
#20 /tmp/test_dashboard_data.php(6): Illuminate\\Foundation\\Http\\Kernel->bootstrap()
#21 {main}
"} 
[2025-12-13 21:32:12] production.ERROR: Target class [request] does not exist. {"exception":"[object] (Illuminate\\Contracts\\Container\\BindingResolutionException(code: 0): Target class [request] does not exist. at /home/garatech.rw/itsinda/core/vendor/laravel/framework/src/Illuminate/Container/Container.php:940)
[stacktrace]
#0 /home/garatech.rw/itsinda/core/vendor/laravel/framework/src/Illuminate/Container/Container.php(815): Illuminate\\Container\\Container->build()
#1 /home/garatech.rw/itsinda/core/vendor/laravel/framework/src/Illuminate/Foundation/Application.php(1046): Illuminate\\Container\\Container->resolve()
#2 /home/garatech.rw/itsinda/core/vendor/laravel/framework/src/Illuminate/Container/Container.php(751): Illuminate\\Foundation\\Application->resolve()
#3 /home/garatech.rw/itsinda/core/vendor/laravel/framework/src/Illuminate/Foundation/Application.php(1028): Illuminate\\Container\\Container->make()
#4 /home/garatech.rw/itsinda/core/vendor/laravel/framework/src/Illuminate/Foundation/helpers.php(124): Illuminate\\Foundation\\Application->make()
#5 /home/garatech.rw/itsinda/core/vendor/laravel/framework/src/Illuminate/Foundation/helpers.php(738): app()
#6 /home/garatech.rw/itsinda/core/vendor/laramin/utility/src/UtilityServiceProvider.php(20): request()
#7 /home/garatech.rw/itsinda/core/vendor/laravel/framework/src/Illuminate/Container/BoundMethod.php(36): Laramin\\Utility\\UtilityServiceProvider->boot()
#8 /home/garatech.rw/itsinda/core/vendor/laravel/framework/src/Illuminate/Container/Util.php(43): Illuminate\\Container\\BoundMethod::Illuminate\\Container\\{closure}()
#9 /home/garatech.rw/itsinda/core/vendor/laravel/framework/src/Illuminate/Container/BoundMethod.php(95): Illuminate\\Container\\Util::unwrapIfClosure()
#10 /home/garatech.rw/itsinda/core/vendor/laravel/framework/src/Illuminate/Container/BoundMethod.php(35): Illuminate\\Container\\BoundMethod::callBoundMethod()
#11 /home/garatech.rw/itsinda/core/vendor/laravel/framework/src/Illuminate/Container/Container.php(690): Illuminate\\Container\\BoundMethod::call()
#12 /home/garatech.rw/itsinda/core/vendor/laravel/framework/src/Illuminate/Foundation/Application.php(1119): Illuminate\\Container\\Container->call()
#13 /home/garatech.rw/itsinda/core/vendor/laravel/framework/src/Illuminate/Foundation/Application.php(1100): Illuminate\\Foundation\\Application->bootProvider()
#14 [internal function]: Illuminate\\Foundation\\Application->Illuminate\\Foundation\\{closure}()
#15 /home/garatech.rw/itsinda/core/vendor/laravel/framework/src/Illuminate/Foundation/Application.php(1099): array_walk()
#16 /home/garatech.rw/itsinda/core/vendor/laravel/framework/src/Illuminate/Foundation/Bootstrap/BootProviders.php(17): Illuminate\\Foundation\\Application->boot()
#17 /home/garatech.rw/itsinda/core/vendor/laravel/framework/src/Illuminate/Foundation/Application.php(316): Illuminate\\Foundation\\Bootstrap\\BootProviders->bootstrap()
#18 /home/garatech.rw/itsinda/core/vendor/laravel/framework/src/Illuminate/Foundation/Http/Kernel.php(187): Illuminate\\Foundation\\Application->bootstrapWith()
#19 /tmp/test_dashboard_data.php(6): Illuminate\\Foundation\\Http\\Kernel->bootstrap()
#20 {main}

[previous exception] [object] (ReflectionException(code: -1): Class \"request\" does not exist at /home/garatech.rw/itsinda/core/vendor/laravel/framework/src/Illuminate/Container/Container.php:938)
[stacktrace]
#0 /home/garatech.rw/itsinda/core/vendor/laravel/framework/src/Illuminate/Container/Container.php(938): ReflectionClass->__construct()
#1 /home/garatech.rw/itsinda/core/vendor/laravel/framework/src/Illuminate/Container/Container.php(815): Illuminate\\Container\\Container->build()
#2 /home/garatech.rw/itsinda/core/vendor/laravel/framework/src/Illuminate/Foundation/Application.php(1046): Illuminate\\Container\\Container->resolve()
#3 /home/garatech.rw/itsinda/core/vendor/laravel/framework/src/Illuminate/Container/Container.php(751): Illuminate\\Foundation\\Application->resolve()
#4 /home/garatech.rw/itsinda/core/vendor/laravel/framework/src/Illuminate/Foundation/Application.php(1028): Illuminate\\Container\\Container->make()
#5 /home/garatech.rw/itsinda/core/vendor/laravel/framework/src/Illuminate/Foundation/helpers.php(124): Illuminate\\Foundation\\Application->make()
#6 /home/garatech.rw/itsinda/core/vendor/laravel/framework/src/Illuminate/Foundation/helpers.php(738): app()
#7 /home/garatech.rw/itsinda/core/vendor/laramin/utility/src/UtilityServiceProvider.php(20): request()
#8 /home/garatech.rw/itsinda/core/vendor/laravel/framework/src/Illuminate/Container/BoundMethod.php(36): Laramin\\Utility\\UtilityServiceProvider->boot()
#9 /home/garatech.rw/itsinda/core/vendor/laravel/framework/src/Illuminate/Container/Util.php(43): Illuminate\\Container\\BoundMethod::Illuminate\\Container\\{closure}()
#10 /home/garatech.rw/itsinda/core/vendor/laravel/framework/src/Illuminate/Container/BoundMethod.php(95): Illuminate\\Container\\Util::unwrapIfClosure()
#11 /home/garatech.rw/itsinda/core/vendor/laravel/framework/src/Illuminate/Container/BoundMethod.php(35): Illuminate\\Container\\BoundMethod::callBoundMethod()
#12 /home/garatech.rw/itsinda/core/vendor/laravel/framework/src/Illuminate/Container/Container.php(690): Illuminate\\Container\\BoundMethod::call()
#13 /home/garatech.rw/itsinda/core/vendor/laravel/framework/src/Illuminate/Foundation/Application.php(1119): Illuminate\\Container\\Container->call()
#14 /home/garatech.rw/itsinda/core/vendor/laravel/framework/src/Illuminate/Foundation/Application.php(1100): Illuminate\\Foundation\\Application->bootProvider()
#15 [internal function]: Illuminate\\Foundation\\Application->Illuminate\\Foundation\\{closure}()
#16 /home/garatech.rw/itsinda/core/vendor/laravel/framework/src/Illuminate/Foundation/Application.php(1099): array_walk()
#17 /home/garatech.rw/itsinda/core/vendor/laravel/framework/src/Illuminate/Foundation/Bootstrap/BootProviders.php(17): Illuminate\\Foundation\\Application->boot()
#18 /home/garatech.rw/itsinda/core/vendor/laravel/framework/src/Illuminate/Foundation/Application.php(316): Illuminate\\Foundation\\Bootstrap\\BootProviders->bootstrap()
#19 /home/garatech.rw/itsinda/core/vendor/laravel/framework/src/Illuminate/Foundation/Http/Kernel.php(187): Illuminate\\Foundation\\Application->bootstrapWith()
#20 /tmp/test_dashboard_data.php(6): Illuminate\\Foundation\\Http\\Kernel->bootstrap()
#21 {main}
"} 
[2025-12-13 21:38:32] production.ERROR: PHP Parse error: Syntax error, unexpected '}', expecting EOF on line 20 {"exception":"[object] (Psy\\Exception\\ParseErrorException(code: 0): PHP Parse error: Syntax error, unexpected '}', expecting EOF on line 20 at /home/garatech.rw/itsinda/core/vendor/psy/psysh/src/Exception/ParseErrorException.php:44)
[stacktrace]
#0 /home/garatech.rw/itsinda/core/vendor/psy/psysh/src/CodeCleaner.php(311): Psy\\Exception\\ParseErrorException::fromParseError()
#1 /home/garatech.rw/itsinda/core/vendor/psy/psysh/src/CodeCleaner.php(240): Psy\\CodeCleaner->parse()
#2 /home/garatech.rw/itsinda/core/vendor/psy/psysh/src/Shell.php(848): Psy\\CodeCleaner->clean()
#3 /home/garatech.rw/itsinda/core/vendor/psy/psysh/src/Shell.php(877): Psy\\Shell->addCode()
#4 /home/garatech.rw/itsinda/core/vendor/psy/psysh/src/Shell.php(1342): Psy\\Shell->setCode()
#5 /home/garatech.rw/itsinda/core/vendor/laravel/tinker/src/Console/TinkerCommand.php(76): Psy\\Shell->execute()
#6 /home/garatech.rw/itsinda/core/vendor/laravel/framework/src/Illuminate/Container/BoundMethod.php(36): Laravel\\Tinker\\Console\\TinkerCommand->handle()
#7 /home/garatech.rw/itsinda/core/vendor/laravel/framework/src/Illuminate/Container/Util.php(43): Illuminate\\Container\\BoundMethod::Illuminate\\Container\\{closure}()
#8 /home/garatech.rw/itsinda/core/vendor/laravel/framework/src/Illuminate/Container/BoundMethod.php(95): Illuminate\\Container\\Util::unwrapIfClosure()
#9 /home/garatech.rw/itsinda/core/vendor/laravel/framework/src/Illuminate/Container/BoundMethod.php(35): Illuminate\\Container\\BoundMethod::callBoundMethod()
#10 /home/garatech.rw/itsinda/core/vendor/laravel/framework/src/Illuminate/Container/Container.php(690): Illuminate\\Container\\BoundMethod::call()
#11 /home/garatech.rw/itsinda/core/vendor/laravel/framework/src/Illuminate/Console/Command.php(213): Illuminate\\Container\\Container->call()
#12 /home/garatech.rw/itsinda/core/vendor/symfony/console/Command/Command.php(279): Illuminate\\Console\\Command->execute()
#13 /home/garatech.rw/itsinda/core/vendor/laravel/framework/src/Illuminate/Console/Command.php(182): Symfony\\Component\\Console\\Command\\Command->run()
#14 /home/garatech.rw/itsinda/core/vendor/symfony/console/Application.php(1047): Illuminate\\Console\\Command->run()
#15 /home/garatech.rw/itsinda/core/vendor/symfony/console/Application.php(316): Symfony\\Component\\Console\\Application->doRunCommand()
#16 /home/garatech.rw/itsinda/core/vendor/symfony/console/Application.php(167): Symfony\\Component\\Console\\Application->doRun()
#17 /home/garatech.rw/itsinda/core/vendor/laravel/framework/src/Illuminate/Foundation/Console/Kernel.php(197): Symfony\\Component\\Console\\Application->run()
#18 /home/garatech.rw/itsinda/core/vendor/laravel/framework/src/Illuminate/Foundation/Application.php(1203): Illuminate\\Foundation\\Console\\Kernel->handle()
#19 /home/garatech.rw/itsinda/core/artisan(13): Illuminate\\Foundation\\Application->handleCommand()
#20 {main}
"} 
